<?xml version="1.0" encoding="UTF-8"?>
<!-- Generated by org.testng.reporters.JUnitReportReporter -->
<testsuite skipped="0" hostname="INHYD-KONGARAB" name="com.qa.control.tests.LoginTest" tests="2" failures="0" timestamp="22 May 2020 08:52:42 GMT" time="73.490" errors="0">
  <testcase name="verifyLoginPageTitleTest" time="0.042" classname="com.qa.control.tests.LoginTest"/>
  <testcase name="loginTest" time="73.448" classname="com.qa.control.tests.LoginTest"/>
</testsuite> <!-- com.qa.control.tests.LoginTest -->
