<?xml version="1.0" encoding="UTF-8"?>
<!-- Generated by org.testng.reporters.JUnitReportReporter -->
<testsuite skipped="0" hostname="INHYD-KONGARAB" name="com.qa.control.tests.HomePageTest" tests="1" failures="0" timestamp="22 May 2020 06:47:48 GMT" time="6.938" errors="0">
  <testcase name="verifyLinksTest" time="6.938" classname="com.qa.control.tests.HomePageTest"/>
</testsuite> <!-- com.qa.control.tests.HomePageTest -->
