<?xml version="1.0" encoding="UTF-8"?>
<!-- Generated by org.testng.reporters.JUnitReportReporter -->
<testsuite skipped="0" hostname="INHYD-KONGARAB" name="com.qa.control.tests.LoginTest" tests="2" failures="0" timestamp="22 May 2020 06:47:48 GMT" time="72.020" errors="0">
  <testcase name="verifyLoginPageTitleTest" time="0.008" classname="com.qa.control.tests.LoginTest"/>
  <testcase name="loginTest" time="72.012" classname="com.qa.control.tests.LoginTest"/>
</testsuite> <!-- com.qa.control.tests.LoginTest -->
