<?xml version="1.0" encoding="UTF-8"?>
<!-- Generated by org.testng.reporters.JUnitReportReporter -->
<testsuite skipped="0" hostname="INHYD-KONGARAB" name="com.qa.control.tests.HomePageTest" tests="1" failures="0" timestamp="08 Aug 2020 10:14:48 GMT" time="7.519" errors="0">
  <testcase name="verifyLinksTest" time="7.519" classname="com.qa.control.tests.HomePageTest"/>
</testsuite> <!-- com.qa.control.tests.HomePageTest -->
