<?xml version="1.0" encoding="UTF-8"?>
<!-- Generated by org.testng.reporters.JUnitReportReporter -->
<testsuite skipped="0" hostname="INHYD-KONGARAB" name="com.qa.control.tests.LoginTest" tests="2" failures="0" timestamp="22 May 2020 11:46:30 GMT" time="66.841" errors="0">
  <testcase name="verifyLoginPageTitleTest" time="0.014" classname="com.qa.control.tests.LoginTest"/>
  <testcase name="loginTest" time="66.827" classname="com.qa.control.tests.LoginTest"/>
</testsuite> <!-- com.qa.control.tests.LoginTest -->
