<?xml version="1.0" encoding="UTF-8"?>
<!-- Generated by org.testng.reporters.JUnitReportReporter -->
<testsuite skipped="0" hostname="INHYD-KONGARAB" name="com.qa.control.tests.LoginTest" tests="2" failures="0" timestamp="08 Aug 2020 10:14:48 GMT" time="53.463" errors="0">
  <testcase name="verifyLoginPageTitleTest" time="0.065" classname="com.qa.control.tests.LoginTest"/>
  <testcase name="loginTest" time="53.398" classname="com.qa.control.tests.LoginTest"/>
</testsuite> <!-- com.qa.control.tests.LoginTest -->
